{
  "RSpec": {
    "coverage": {
      "/Users/lisaf13/Desktop/shelter_me/spec/features/add_category_pages_spec.rb": [
        null,
        null,
        null,
        null,
        null,
        null,
        null,
        null,
        null,
        null,
        null,
        null,
        null,
        null,
        null,
        null,
        null,
        null,
        null,
        null,
        null,
        null,
        null,
        null,
        null,
        null,
        null,
        null,
        null,
        null,
        null,
        null,
        null,
        null,
        null,
        null,
        null
      ],
      "/Users/lisaf13/Desktop/shelter_me/spec/features/add_post_pages_spec.rb": [
        null,
        null,
        null,
        null,
        null,
        null,
        null,
        null,
        null,
        null,
        null,
        null,
        null,
        null,
        null,
        null,
        null,
        null,
        null
      ],
      "/Users/lisaf13/Desktop/shelter_me/spec/features/add_tag_pages_spec.rb": [
        1,
        null,
        1,
        1,
        1,
        1,
        1,
        1,
        1,
        null,
        null
      ],
      "/Users/lisaf13/Desktop/shelter_me/spec/rails_helper.rb": [
        null,
        1,
        1,
        null,
        1,
        1,
        1,
        null,
        null,
        null,
        null,
        null,
        null,
        null,
        null,
        null,
        null,
        null,
        null,
        null,
        null,
        null,
        null,
        null,
        null,
        null,
        1,
        null,
        1,
        null,
        1,
        null,
        null,
        null,
        null,
        1,
        null,
        null,
        null,
        null,
        null,
        null,
        null,
        null,
        null,
        null,
        null,
        null,
        null,
        null,
        1,
        null,
        null,
        1,
        1,
        1,
        1,
        null,
        null
      ],
      "/Users/lisaf13/Desktop/shelter_me/config/environment.rb": [
        null,
        1,
        null,
        null,
        1
      ],
      "/Users/lisaf13/Desktop/shelter_me/config/application.rb": [
        1,
        null,
        1,
        null,
        1,
        1,
        1,
        1,
        1,
        1,
        1,
        null,
        null,
        null,
        null,
        1,
        null,
        1,
        1,
        null,
        null,
        null,
        null,
        null,
        null,
        null,
        null,
        null,
        null,
        null,
        null,
        null,
        1,
        null,
        null
      ],
      "/Users/lisaf13/Desktop/shelter_me/config/boot.rb": [
        1,
        null,
        1
      ],
      "/Users/lisaf13/Desktop/shelter_me/config/environments/test.rb": [
        1,
        null,
        null,
        null,
        null,
        null,
        null,
        1,
        null,
        null,
        null,
        null,
        1,
        null,
        null,
        1,
        1,
        null,
        null,
        1,
        1,
        null,
        null,
        1,
        null,
        null,
        1,
        null,
        null,
        null,
        null,
        1,
        null,
        null,
        1,
        null,
        null,
        1,
        null,
        null,
        null,
        null
      ],
      "/Users/lisaf13/Desktop/shelter_me/config/initializers/assets.rb": [
        null,
        null,
        null,
        1,
        null,
        null,
        null,
        null,
        null,
        null,
        null
      ],
      "/Users/lisaf13/Desktop/shelter_me/config/initializers/backtrace_silencers.rb": [
        null,
        null,
        null,
        null,
        null,
        null,
        null
      ],
      "/Users/lisaf13/Desktop/shelter_me/config/initializers/cookies_serializer.rb": [
        null,
        null,
        1
      ],
      "/Users/lisaf13/Desktop/shelter_me/config/initializers/filter_parameter_logging.rb": [
        null,
        null,
        null,
        1
      ],
      "/Users/lisaf13/Desktop/shelter_me/config/initializers/inflections.rb": [
        null,
        null,
        null,
        null,
        null,
        null,
        null,
        null,
        null,
        null,
        null,
        null,
        null,
        null,
        null,
        null
      ],
      "/Users/lisaf13/Desktop/shelter_me/config/initializers/mime_types.rb": [
        null,
        null,
        null,
        null
      ],
      "/Users/lisaf13/Desktop/shelter_me/config/initializers/session_store.rb": [
        null,
        null,
        1
      ],
      "/Users/lisaf13/Desktop/shelter_me/config/initializers/wrap_parameters.rb": [
        null,
        null,
        null,
        null,
        null,
        null,
        1,
        1,
        null,
        null,
        null,
        null,
        null,
        null
      ],
      "/Users/lisaf13/Desktop/shelter_me/app/controllers/application_controller.rb": [
        1,
        null,
        null,
        1,
        null
      ],
      "/Users/lisaf13/Desktop/shelter_me/app/helpers/application_helper.rb": [
        1,
        null
      ],
      "/Users/lisaf13/Desktop/shelter_me/app/controllers/categories_controller.rb": [
        null,
        null,
        null,
        null,
        null,
        null,
        null,
        null,
        null,
        null,
        null,
        null,
        null,
        null,
        null,
        null,
        null,
        null,
        null,
        null,
        null,
        null,
        null,
        null,
        null,
        null,
        null,
        null,
        null,
        null,
        null,
        null,
        null,
        null,
        null,
        null,
        null,
        null,
        null,
        null,
        null,
        null,
        null,
        null,
        null,
        null,
        null,
        null,
        null
      ],
      "/Users/lisaf13/Desktop/shelter_me/app/controllers/posts_controller.rb": [
        1,
        1,
        0,
        null,
        null,
        null,
        1,
        1,
        null,
        null,
        1,
        1,
        null,
        null,
        null,
        null,
        1,
        1,
        1,
        1,
        null,
        0,
        null,
        null,
        null,
        null,
        null,
        null,
        null,
        null,
        null,
        null,
        null,
        null,
        1,
        null,
        0,
        0,
        null,
        null,
        1,
        0,
        0,
        0,
        null,
        0,
        0,
        null,
        null,
        null,
        null,
        null,
        null,
        null,
        null,
        null,
        null,
        null,
        null,
        null,
        null,
        null,
        null,
        null,
        null,
        null,
        1,
        1,
        1,
        1,
        null,
        null,
        1,
        1,
        1,
        null,
        null,
        null
      ],
      "/Users/lisaf13/Desktop/shelter_me/app/controllers/static_controller.rb": [
        1,
        1,
        4,
        4,
        null,
        null
      ],
      "/Users/lisaf13/Desktop/shelter_me/app/controllers/tags_controller.rb": [
        1,
        1,
        0,
        null,
        null,
        1,
        1,
        null,
        null,
        1,
        0,
        null,
        null,
        1,
        1,
        1,
        0,
        null,
        1,
        null,
        null,
        null,
        1,
        0,
        null,
        null,
        1,
        0,
        0,
        0,
        null,
        0,
        null,
        null,
        null,
        1,
        0,
        0,
        0,
        null,
        null,
        1,
        1,
        1,
        null,
        null,
        null
      ],
      "/Users/lisaf13/Desktop/shelter_me/app/models/category.rb": [
        1,
        1,
        null,
        1,
        null
      ],
      "/Users/lisaf13/Desktop/shelter_me/app/models/post.rb": [
        1,
        null,
        1,
        null,
        1,
        1,
        1,
        1,
        null,
        null
      ],
      "/Users/lisaf13/Desktop/shelter_me/app/models/tag.rb": [
        1,
        1,
        null,
        1,
        null
      ],
      "/Users/lisaf13/Desktop/shelter_me/spec/factories.rb": [
        1,
        1,
        1,
        1,
        1,
        1,
        null,
        null,
        null,
        1,
        1,
        1,
        null,
        null
      ],
      "/Users/lisaf13/Desktop/shelter_me/config/routes.rb": [
        1,
        1,
        null,
        1,
        1,
        null,
        null,
        null,
        null,
        null,
        null
      ],
      "/Users/lisaf13/Desktop/shelter_me/spec/features/delete_post_pages_spec.rb": [
        1,
        null,
        1,
        1,
        1,
        1,
        1,
        1,
        1,
        1,
        1,
        1,
        1,
        1,
        null,
        null
      ],
      "/Users/lisaf13/Desktop/shelter_me/spec/features/edit_post_pages_spec.rb": [
        null,
        null,
        null,
        null,
        null,
        null,
        null,
        null,
        null,
        null,
        null,
        null,
        null,
        null,
        null,
        null,
        null,
        null,
        null,
        null,
        null,
        null,
        null,
        null,
        null,
        null,
        null,
        null,
        null,
        null,
        null,
        null,
        null,
        null,
        null
      ],
      "/Users/lisaf13/Desktop/shelter_me/spec/models/category_spec.rb": [
        null,
        null,
        null,
        null,
        null
      ],
      "/Users/lisaf13/Desktop/shelter_me/spec/models/post_spec.rb": [
        1,
        null,
        1,
        2,
        2,
        2,
        2,
        2,
        null,
        null
      ],
      "/Users/lisaf13/Desktop/shelter_me/spec/models/tag_spec.rb": [
        1,
        null,
        1,
        2,
        2,
        null
      ]
    },
    "timestamp": 1445575802
  }
}
